<?xml version="1.0" encoding="UTF-8"?>
<coverage generated="1758245437">
  <project timestamp="1758245437">
    <package name="Opscale\Rules">
      <file name="/Users/nelson/Projects/Opscale/strict-rules/src/Rules/BaseRule.php">
        <class name="Opscale\Rules\BaseRule" namespace="Opscale\Rules">
          <metrics complexity="60" methods="16" coveredmethods="6" conditionals="0" coveredconditionals="0" statements="106" coveredstatements="81" elements="122" coveredelements="87"/>
        </class>
        <line num="30" type="method" name="__construct" visibility="public" complexity="1" crap="1" count="67"/>
        <line num="32" type="stmt" count="67"/>
        <line num="35" type="method" name="getNodeType" visibility="public" complexity="1" crap="1" count="67"/>
        <line num="37" type="stmt" count="67"/>
        <line num="40" type="method" name="processNode" visibility="public" complexity="2" crap="2" count="66"/>
        <line num="42" type="stmt" count="66"/>
        <line num="43" type="stmt" count="7"/>
        <line num="46" type="stmt" count="61"/>
        <line num="59" type="method" name="shouldProcess" visibility="protected" complexity="5" crap="5.05" count="64"/>
        <line num="62" type="stmt" count="64"/>
        <line num="63" type="stmt" count="0"/>
        <line num="66" type="stmt" count="64"/>
        <line num="67" type="stmt" count="64"/>
        <line num="68" type="stmt" count="64"/>
        <line num="69" type="stmt" count="64"/>
        <line num="70" type="stmt" count="1"/>
        <line num="73" type="stmt" count="64"/>
        <line num="81" type="method" name="getRootNode" visibility="protected" complexity="6" crap="6.03" count="66"/>
        <line num="83" type="stmt" count="66"/>
        <line num="84" type="stmt" count="66"/>
        <line num="85" type="stmt" count="66"/>
        <line num="86" type="stmt" count="0"/>
        <line num="89" type="stmt" count="66"/>
        <line num="90" type="stmt" count="66"/>
        <line num="91" type="stmt" count="62"/>
        <line num="92" type="stmt" count="66"/>
        <line num="93" type="stmt" count="66"/>
        <line num="94" type="stmt" count="66"/>
        <line num="98" type="stmt" count="66"/>
        <line num="104" type="method" name="getClassReflection" visibility="protected" complexity="4" crap="4.18" count="66"/>
        <line num="106" type="stmt" count="66"/>
        <line num="107" type="stmt" count="66"/>
        <line num="108" type="stmt" count="1"/>
        <line num="111" type="stmt" count="66"/>
        <line num="112" type="stmt" count="0"/>
        <line num="115" type="stmt" count="66"/>
        <line num="116" type="stmt" count="66"/>
        <line num="117" type="stmt" count="0"/>
        <line num="120" type="stmt" count="66"/>
        <line num="126" type="method" name="getNamespace" visibility="protected" complexity="3" crap="3.14" count="18"/>
        <line num="128" type="stmt" count="18"/>
        <line num="130" type="stmt" count="18"/>
        <line num="131" type="stmt" count="18"/>
        <line num="134" type="stmt" count="0"/>
        <line num="142" type="method" name="getNamespaceNode" visibility="protected" complexity="4" crap="4.13" count="66"/>
        <line num="144" type="stmt" count="66"/>
        <line num="145" type="stmt" count="66"/>
        <line num="146" type="stmt" count="66"/>
        <line num="147" type="stmt" count="66"/>
        <line num="151" type="stmt" count="0"/>
        <line num="159" type="method" name="getClassNodes" visibility="protected" complexity="4" crap="20" count="0"/>
        <line num="161" type="stmt" count="0"/>
        <line num="162" type="stmt" count="0"/>
        <line num="163" type="stmt" count="0"/>
        <line num="164" type="stmt" count="0"/>
        <line num="167" type="stmt" count="0"/>
        <line num="168" type="stmt" count="0"/>
        <line num="169" type="stmt" count="0"/>
        <line num="173" type="stmt" count="0"/>
        <line num="181" type="method" name="getUseStatements" visibility="protected" complexity="5" crap="5.03" count="16"/>
        <line num="183" type="stmt" count="16"/>
        <line num="184" type="stmt" count="16"/>
        <line num="185" type="stmt" count="16"/>
        <line num="186" type="stmt" count="0"/>
        <line num="189" type="stmt" count="16"/>
        <line num="190" type="stmt" count="16"/>
        <line num="191" type="stmt" count="16"/>
        <line num="192" type="stmt" count="16"/>
        <line num="197" type="stmt" count="16"/>
        <line num="203" type="method" name="getParentNode" visibility="protected" complexity="4" crap="4.59" count="4"/>
        <line num="205" type="stmt" count="4"/>
        <line num="207" type="stmt" count="4"/>
        <line num="208" type="stmt" count="0"/>
        <line num="211" type="stmt" count="4"/>
        <line num="212" type="stmt" count="0"/>
        <line num="215" type="stmt" count="4"/>
        <line num="223" type="method" name="getMethodNodes" visibility="protected" complexity="3" crap="3" count="37"/>
        <line num="225" type="stmt" count="37"/>
        <line num="226" type="stmt" count="37"/>
        <line num="227" type="stmt" count="37"/>
        <line num="228" type="stmt" count="36"/>
        <line num="232" type="stmt" count="37"/>
        <line num="240" type="method" name="getTraitNodes" visibility="protected" complexity="3" crap="3" count="4"/>
        <line num="242" type="stmt" count="4"/>
        <line num="243" type="stmt" count="4"/>
        <line num="244" type="stmt" count="4"/>
        <line num="245" type="stmt" count="4"/>
        <line num="249" type="stmt" count="4"/>
        <line num="257" type="method" name="getInterfaceNodes" visibility="protected" complexity="4" crap="4" count="5"/>
        <line num="259" type="stmt" count="5"/>
        <line num="262" type="stmt" count="5"/>
        <line num="263" type="stmt" count="5"/>
        <line num="264" type="stmt" count="4"/>
        <line num="268" type="stmt" count="5"/>
        <line num="276" type="method" name="isInNamespaces" visibility="protected" complexity="5" crap="5.27" count="31"/>
        <line num="278" type="stmt" count="31"/>
        <line num="280" type="stmt" count="31"/>
        <line num="281" type="stmt" count="31"/>
        <line num="282" type="stmt" count="31"/>
        <line num="283" type="stmt" count="31"/>
        <line num="284" type="stmt" count="25"/>
        <line num="288" type="stmt" count="0"/>
        <line num="289" type="stmt" count="0"/>
        <line num="293" type="stmt" count="9"/>
        <line num="299" type="method" name="getASTForClass" visibility="protected" complexity="6" crap="7.58" count="1"/>
        <line num="301" type="stmt" count="1"/>
        <line num="302" type="stmt" count="0"/>
        <line num="305" type="stmt" count="1"/>
        <line num="306" type="stmt" count="1"/>
        <line num="308" type="stmt" count="1"/>
        <line num="309" type="stmt" count="0"/>
        <line num="314" type="stmt" count="1"/>
        <line num="315" type="stmt" count="1"/>
        <line num="316" type="stmt" count="1"/>
        <line num="317" type="stmt" count="1"/>
        <line num="318" type="stmt" count="0"/>
        <line num="321" type="stmt" count="1"/>
        <line num="324" type="stmt" count="1"/>
        <line num="325" type="stmt" count="0"/>
        <line num="328" type="stmt" count="1"/>
        <line num="329" type="stmt" count="0"/>
        <line num="331" type="stmt" count="0"/>
        <metrics loc="335" ncloc="263" classes="1" methods="16" coveredmethods="6" conditionals="0" coveredconditionals="0" statements="106" coveredstatements="81" elements="122" coveredelements="87"/>
      </file>
    </package>
    <package name="Opscale\Rules\CLEAN">
      <file name="/Users/nelson/Projects/Opscale/strict-rules/src/Rules/CLEAN/CleanRule.php">
        <class name="Opscale\Rules\CLEAN\CleanRule" namespace="Opscale\Rules\CLEAN">
          <metrics complexity="43" methods="14" coveredmethods="7" conditionals="0" coveredconditionals="0" statements="91" coveredstatements="84" elements="105" coveredelements="91"/>
        </class>
        <line num="56" type="method" name="__construct" visibility="public" complexity="4" crap="4" count="7"/>
        <line num="63" type="stmt" count="7"/>
        <line num="64" type="stmt" count="7"/>
        <line num="65" type="stmt" count="7"/>
        <line num="66" type="stmt" count="7"/>
        <line num="67" type="stmt" count="7"/>
        <line num="74" type="method" name="isAllowedUse" visibility="public" complexity="4" crap="4.05" count="6"/>
        <line num="76" type="stmt" count="6"/>
        <line num="77" type="stmt" count="1"/>
        <line num="80" type="stmt" count="6"/>
        <line num="81" type="stmt" count="3"/>
        <line num="84" type="stmt" count="6"/>
        <line num="85" type="stmt" count="0"/>
        <line num="88" type="stmt" count="6"/>
        <line num="91" type="method" name="shouldProcess" visibility="protected" complexity="4" crap="4.05" count="7"/>
        <line num="93" type="stmt" count="7"/>
        <line num="94" type="stmt" count="0"/>
        <line num="97" type="stmt" count="7"/>
        <line num="99" type="stmt" count="7"/>
        <line num="100" type="stmt" count="7"/>
        <line num="101" type="stmt" count="7"/>
        <line num="103" type="stmt" count="7"/>
        <line num="110" type="method" name="validate" visibility="protected" complexity="8" crap="8" count="7"/>
        <line num="112" type="stmt" count="7"/>
        <line num="113" type="stmt" count="7"/>
        <line num="114" type="stmt" count="7"/>
        <line num="115" type="stmt" count="7"/>
        <line num="116" type="stmt" count="7"/>
        <line num="117" type="stmt" count="7"/>
        <line num="119" type="stmt" count="7"/>
        <line num="120" type="stmt" count="7"/>
        <line num="121" type="stmt" count="7"/>
        <line num="123" type="stmt" count="7"/>
        <line num="126" type="stmt" count="7"/>
        <line num="127" type="stmt" count="4"/>
        <line num="128" type="stmt" count="4"/>
        <line num="129" type="stmt" count="4"/>
        <line num="130" type="stmt" count="4"/>
        <line num="131" type="stmt" count="4"/>
        <line num="132" type="stmt" count="4"/>
        <line num="133" type="stmt" count="4"/>
        <line num="134" type="stmt" count="4"/>
        <line num="137" type="stmt" count="7"/>
        <line num="138" type="stmt" count="5"/>
        <line num="139" type="stmt" count="5"/>
        <line num="140" type="stmt" count="5"/>
        <line num="141" type="stmt" count="5"/>
        <line num="142" type="stmt" count="5"/>
        <line num="143" type="stmt" count="5"/>
        <line num="144" type="stmt" count="5"/>
        <line num="147" type="stmt" count="7"/>
        <line num="148" type="stmt" count="5"/>
        <line num="149" type="stmt" count="5"/>
        <line num="150" type="stmt" count="5"/>
        <line num="151" type="stmt" count="5"/>
        <line num="155" type="stmt" count="7"/>
        <line num="161" type="method" name="isAllowedFacade" visibility="protected" complexity="2" crap="2" count="6"/>
        <line num="163" type="stmt" count="6"/>
        <line num="165" type="stmt" count="6"/>
        <line num="166" type="stmt" count="6"/>
        <line num="168" type="stmt" count="6"/>
        <line num="174" type="method" name="isAllowedFrameworkUse" visibility="protected" complexity="3" crap="3" count="6"/>
        <line num="176" type="stmt" count="6"/>
        <line num="178" type="stmt" count="6"/>
        <line num="179" type="stmt" count="6"/>
        <line num="180" type="stmt" count="3"/>
        <line num="184" type="stmt" count="6"/>
        <line num="191" type="method" name="isAllowedProjectUse" visibility="protected" complexity="2" crap="2.03" count="6"/>
        <line num="193" type="stmt" count="6"/>
        <line num="196" type="stmt" count="6"/>
        <line num="199" type="stmt" count="6"/>
        <line num="200" type="stmt" count="6"/>
        <line num="204" type="stmt" count="0"/>
        <line num="210" type="method" name="isAllowedExternalUse" visibility="protected" complexity="3" crap="3" count="6"/>
        <line num="212" type="stmt" count="6"/>
        <line num="214" type="stmt" count="6"/>
        <line num="215" type="stmt" count="3"/>
        <line num="216" type="stmt" count="1"/>
        <line num="220" type="stmt" count="5"/>
        <line num="223" type="method" name="processingLayer" visibility="protected" complexity="1" crap="2" count="0"/>
        <line num="225" type="stmt" count="0"/>
        <line num="228" type="method" name="getAllowedFrameworkImports" visibility="protected" complexity="1" crap="2" count="0"/>
        <line num="230" type="stmt" count="0"/>
        <line num="233" type="method" name="getAllowedFacades" visibility="protected" complexity="1" crap="2" count="0"/>
        <line num="235" type="stmt" count="0"/>
        <line num="238" type="method" name="getAllowedExternalImports" visibility="protected" complexity="1" crap="1" count="3"/>
        <line num="240" type="stmt" count="3"/>
        <line num="246" type="method" name="isAllowedLayer" visibility="protected" complexity="4" crap="4.02" count="6"/>
        <line num="248" type="stmt" count="6"/>
        <line num="249" type="stmt" count="6"/>
        <line num="250" type="stmt" count="6"/>
        <line num="251" type="stmt" count="0"/>
        <line num="254" type="stmt" count="6"/>
        <line num="255" type="stmt" count="6"/>
        <line num="256" type="stmt" count="6"/>
        <line num="257" type="stmt" count="6"/>
        <line num="259" type="stmt" count="6"/>
        <line num="265" type="method" name="getClassLayer" visibility="protected" complexity="5" crap="5" count="7"/>
        <line num="267" type="stmt" count="7"/>
        <line num="268" type="stmt" count="7"/>
        <line num="269" type="stmt" count="7"/>
        <line num="270" type="stmt" count="7"/>
        <line num="271" type="stmt" count="7"/>
        <line num="272" type="stmt" count="7"/>
        <line num="277" type="stmt" count="6"/>
        <metrics loc="280" ncloc="232" classes="1" methods="14" coveredmethods="7" conditionals="0" coveredconditionals="0" statements="91" coveredstatements="84" elements="105" coveredelements="91"/>
      </file>
    </package>
    <package name="Opscale\Rules\CLEAN\Communication">
      <file name="/Users/nelson/Projects/Opscale/strict-rules/src/Rules/CLEAN/Communication/CommunicationLayerRule.php">
        <class name="Opscale\Rules\CLEAN\Communication\CommunicationLayerRule" namespace="Opscale\Rules\CLEAN\Communication">
          <metrics complexity="1" methods="1" coveredmethods="1" conditionals="0" coveredconditionals="0" statements="13" coveredstatements="13" elements="14" coveredelements="14"/>
        </class>
        <line num="14" type="method" name="__construct" visibility="public" complexity="1" crap="1" count="1"/>
        <line num="16" type="stmt" count="1"/>
        <line num="17" type="stmt" count="1"/>
        <line num="18" type="stmt" count="1"/>
        <line num="19" type="stmt" count="1"/>
        <line num="20" type="stmt" count="1"/>
        <line num="21" type="stmt" count="1"/>
        <line num="22" type="stmt" count="1"/>
        <line num="23" type="stmt" count="1"/>
        <line num="24" type="stmt" count="1"/>
        <line num="25" type="stmt" count="1"/>
        <line num="26" type="stmt" count="1"/>
        <line num="27" type="stmt" count="1"/>
        <line num="28" type="stmt" count="1"/>
        <metrics loc="31" ncloc="24" classes="1" methods="1" coveredmethods="1" conditionals="0" coveredconditionals="0" statements="13" coveredstatements="13" elements="14" coveredelements="14"/>
      </file>
    </package>
    <package name="Opscale\Rules\CLEAN\Interaction">
      <file name="/Users/nelson/Projects/Opscale/strict-rules/src/Rules/CLEAN/Interaction/InteractionLayerRule.php">
        <class name="Opscale\Rules\CLEAN\Interaction\InteractionLayerRule" namespace="Opscale\Rules\CLEAN\Interaction">
          <metrics complexity="1" methods="1" coveredmethods="1" conditionals="0" coveredconditionals="0" statements="34" coveredstatements="34" elements="35" coveredelements="35"/>
        </class>
        <line num="14" type="method" name="__construct" visibility="public" complexity="1" crap="1" count="1"/>
        <line num="16" type="stmt" count="1"/>
        <line num="17" type="stmt" count="1"/>
        <line num="18" type="stmt" count="1"/>
        <line num="19" type="stmt" count="1"/>
        <line num="20" type="stmt" count="1"/>
        <line num="21" type="stmt" count="1"/>
        <line num="22" type="stmt" count="1"/>
        <line num="23" type="stmt" count="1"/>
        <line num="24" type="stmt" count="1"/>
        <line num="25" type="stmt" count="1"/>
        <line num="26" type="stmt" count="1"/>
        <line num="27" type="stmt" count="1"/>
        <line num="28" type="stmt" count="1"/>
        <line num="29" type="stmt" count="1"/>
        <line num="30" type="stmt" count="1"/>
        <line num="31" type="stmt" count="1"/>
        <line num="32" type="stmt" count="1"/>
        <line num="33" type="stmt" count="1"/>
        <line num="34" type="stmt" count="1"/>
        <line num="35" type="stmt" count="1"/>
        <line num="36" type="stmt" count="1"/>
        <line num="37" type="stmt" count="1"/>
        <line num="38" type="stmt" count="1"/>
        <line num="39" type="stmt" count="1"/>
        <line num="40" type="stmt" count="1"/>
        <line num="41" type="stmt" count="1"/>
        <line num="42" type="stmt" count="1"/>
        <line num="43" type="stmt" count="1"/>
        <line num="44" type="stmt" count="1"/>
        <line num="45" type="stmt" count="1"/>
        <line num="46" type="stmt" count="1"/>
        <line num="47" type="stmt" count="1"/>
        <line num="48" type="stmt" count="1"/>
        <line num="49" type="stmt" count="1"/>
        <metrics loc="52" ncloc="45" classes="1" methods="1" coveredmethods="1" conditionals="0" coveredconditionals="0" statements="34" coveredstatements="34" elements="35" coveredelements="35"/>
      </file>
    </package>
    <package name="Opscale\Rules\CLEAN\Orchestration">
      <file name="/Users/nelson/Projects/Opscale/strict-rules/src/Rules/CLEAN/Orchestration/OrchestrationLayerRule.php">
        <class name="Opscale\Rules\CLEAN\Orchestration\OrchestrationLayerRule" namespace="Opscale\Rules\CLEAN\Orchestration">
          <metrics complexity="1" methods="1" coveredmethods="1" conditionals="0" coveredconditionals="0" statements="23" coveredstatements="23" elements="24" coveredelements="24"/>
        </class>
        <line num="14" type="method" name="__construct" visibility="public" complexity="1" crap="1" count="1"/>
        <line num="16" type="stmt" count="1"/>
        <line num="17" type="stmt" count="1"/>
        <line num="18" type="stmt" count="1"/>
        <line num="19" type="stmt" count="1"/>
        <line num="20" type="stmt" count="1"/>
        <line num="21" type="stmt" count="1"/>
        <line num="22" type="stmt" count="1"/>
        <line num="23" type="stmt" count="1"/>
        <line num="24" type="stmt" count="1"/>
        <line num="25" type="stmt" count="1"/>
        <line num="26" type="stmt" count="1"/>
        <line num="27" type="stmt" count="1"/>
        <line num="28" type="stmt" count="1"/>
        <line num="29" type="stmt" count="1"/>
        <line num="30" type="stmt" count="1"/>
        <line num="31" type="stmt" count="1"/>
        <line num="32" type="stmt" count="1"/>
        <line num="33" type="stmt" count="1"/>
        <line num="34" type="stmt" count="1"/>
        <line num="35" type="stmt" count="1"/>
        <line num="36" type="stmt" count="1"/>
        <line num="37" type="stmt" count="1"/>
        <line num="38" type="stmt" count="1"/>
        <metrics loc="41" ncloc="34" classes="1" methods="1" coveredmethods="1" conditionals="0" coveredconditionals="0" statements="23" coveredstatements="23" elements="24" coveredelements="24"/>
      </file>
    </package>
    <package name="Opscale\Rules\CLEAN\Representation">
      <file name="/Users/nelson/Projects/Opscale/strict-rules/src/Rules/CLEAN/Representation/RepresentationLayerRule.php">
        <class name="Opscale\Rules\CLEAN\Representation\RepresentationLayerRule" namespace="Opscale\Rules\CLEAN\Representation">
          <metrics complexity="9" methods="3" coveredmethods="2" conditionals="0" coveredconditionals="0" statements="30" coveredstatements="29" elements="33" coveredelements="31"/>
        </class>
        <line num="16" type="method" name="__construct" visibility="public" complexity="1" crap="1" count="1"/>
        <line num="18" type="stmt" count="1"/>
        <line num="19" type="stmt" count="1"/>
        <line num="20" type="stmt" count="1"/>
        <line num="21" type="stmt" count="1"/>
        <line num="22" type="stmt" count="1"/>
        <line num="23" type="stmt" count="1"/>
        <line num="24" type="stmt" count="1"/>
        <line num="25" type="stmt" count="1"/>
        <line num="26" type="stmt" count="1"/>
        <line num="27" type="stmt" count="1"/>
        <line num="28" type="stmt" count="1"/>
        <line num="29" type="stmt" count="1"/>
        <line num="30" type="stmt" count="1"/>
        <line num="31" type="stmt" count="1"/>
        <line num="32" type="stmt" count="1"/>
        <line num="33" type="stmt" count="1"/>
        <line num="39" type="method" name="isAllowedUse" visibility="public" complexity="6" crap="6" count="1"/>
        <line num="41" type="stmt" count="1"/>
        <line num="42" type="stmt" count="1"/>
        <line num="43" type="stmt" count="1"/>
        <line num="44" type="stmt" count="1"/>
        <line num="47" type="stmt" count="1"/>
        <line num="48" type="stmt" count="1"/>
        <line num="49" type="stmt" count="1"/>
        <line num="50" type="stmt" count="1"/>
        <line num="51" type="stmt" count="1"/>
        <line num="56" type="stmt" count="1"/>
        <line num="62" type="method" name="isEloquentModel" visibility="private" complexity="2" crap="2.06" count="1"/>
        <line num="64" type="stmt" count="1"/>
        <line num="65" type="stmt" count="1"/>
        <line num="67" type="stmt" count="1"/>
        <line num="70" type="stmt" count="0"/>
        <metrics loc="73" ncloc="56" classes="1" methods="3" coveredmethods="2" conditionals="0" coveredconditionals="0" statements="30" coveredstatements="29" elements="33" coveredelements="31"/>
      </file>
    </package>
    <package name="Opscale\Rules\CLEAN\Transformation">
      <file name="/Users/nelson/Projects/Opscale/strict-rules/src/Rules/CLEAN/Transformation/TransformationLayerRule.php">
        <class name="Opscale\Rules\CLEAN\Transformation\TransformationLayerRule" namespace="Opscale\Rules\CLEAN\Transformation">
          <metrics complexity="1" methods="1" coveredmethods="1" conditionals="0" coveredconditionals="0" statements="26" coveredstatements="26" elements="27" coveredelements="27"/>
        </class>
        <line num="14" type="method" name="__construct" visibility="public" complexity="1" crap="1" count="3"/>
        <line num="16" type="stmt" count="3"/>
        <line num="17" type="stmt" count="3"/>
        <line num="18" type="stmt" count="3"/>
        <line num="19" type="stmt" count="3"/>
        <line num="20" type="stmt" count="3"/>
        <line num="21" type="stmt" count="3"/>
        <line num="22" type="stmt" count="3"/>
        <line num="23" type="stmt" count="3"/>
        <line num="24" type="stmt" count="3"/>
        <line num="25" type="stmt" count="3"/>
        <line num="26" type="stmt" count="3"/>
        <line num="27" type="stmt" count="3"/>
        <line num="28" type="stmt" count="3"/>
        <line num="29" type="stmt" count="3"/>
        <line num="30" type="stmt" count="3"/>
        <line num="31" type="stmt" count="3"/>
        <line num="32" type="stmt" count="3"/>
        <line num="33" type="stmt" count="3"/>
        <line num="34" type="stmt" count="3"/>
        <line num="35" type="stmt" count="3"/>
        <line num="36" type="stmt" count="3"/>
        <line num="37" type="stmt" count="3"/>
        <line num="38" type="stmt" count="3"/>
        <line num="39" type="stmt" count="3"/>
        <line num="40" type="stmt" count="3"/>
        <line num="41" type="stmt" count="3"/>
        <metrics loc="44" ncloc="36" classes="1" methods="1" coveredmethods="1" conditionals="0" coveredconditionals="0" statements="26" coveredstatements="26" elements="27" coveredelements="27"/>
      </file>
    </package>
    <package name="Opscale\Rules\DDD\Aggregates">
      <file name="/Users/nelson/Projects/Opscale/strict-rules/src/Rules/DDD/Aggregates/ModelValidationRule.php">
        <class name="Opscale\Rules\DDD\Aggregates\ModelValidationRule" namespace="Opscale\Rules\DDD\Aggregates">
          <metrics complexity="9" methods="2" coveredmethods="1" conditionals="0" coveredconditionals="0" statements="25" coveredstatements="23" elements="27" coveredelements="24"/>
        </class>
        <line num="15" type="method" name="validate" visibility="protected" complexity="6" crap="6" count="2"/>
        <line num="17" type="stmt" count="2"/>
        <line num="18" type="stmt" count="2"/>
        <line num="19" type="stmt" count="2"/>
        <line num="20" type="stmt" count="2"/>
        <line num="21" type="stmt" count="2"/>
        <line num="23" type="stmt" count="2"/>
        <line num="24" type="stmt" count="2"/>
        <line num="26" type="stmt" count="1"/>
        <line num="27" type="stmt" count="1"/>
        <line num="28" type="stmt" count="1"/>
        <line num="33" type="stmt" count="1"/>
        <line num="34" type="stmt" count="1"/>
        <line num="35" type="stmt" count="1"/>
        <line num="36" type="stmt" count="1"/>
        <line num="38" type="stmt" count="1"/>
        <line num="39" type="stmt" count="1"/>
        <line num="40" type="stmt" count="1"/>
        <line num="41" type="stmt" count="1"/>
        <line num="43" type="stmt" count="1"/>
        <line num="46" type="method" name="shouldProcess" visibility="protected" complexity="3" crap="3.33" count="2"/>
        <line num="48" type="stmt" count="2"/>
        <line num="49" type="stmt" count="0"/>
        <line num="52" type="stmt" count="2"/>
        <line num="53" type="stmt" count="2"/>
        <line num="54" type="stmt" count="0"/>
        <line num="57" type="stmt" count="2"/>
        <metrics loc="60" ncloc="55" classes="1" methods="2" coveredmethods="1" conditionals="0" coveredconditionals="0" statements="25" coveredstatements="23" elements="27" coveredelements="24"/>
      </file>
      <file name="/Users/nelson/Projects/Opscale/strict-rules/src/Rules/DDD/Aggregates/ParentChildTransactionRule.php">
        <class name="Opscale\Rules\DDD\Aggregates\ParentChildTransactionRule" namespace="Opscale\Rules\DDD\Aggregates">
          <metrics complexity="31" methods="4" coveredmethods="0" conditionals="0" coveredconditionals="0" statements="61" coveredstatements="53" elements="65" coveredelements="53"/>
        </class>
        <line num="20" type="method" name="shouldProcess" visibility="protected" complexity="3" crap="3.21" count="1"/>
        <line num="22" type="stmt" count="1"/>
        <line num="23" type="stmt" count="0"/>
        <line num="26" type="stmt" count="1"/>
        <line num="27" type="stmt" count="1"/>
        <line num="28" type="stmt" count="1"/>
        <line num="29" type="stmt" count="0"/>
        <line num="32" type="stmt" count="1"/>
        <line num="36" type="method" name="validate" visibility="protected" complexity="16" crap="16.19" count="1"/>
        <line num="38" type="stmt" count="1"/>
        <line num="39" type="stmt" count="1"/>
        <line num="40" type="stmt" count="1"/>
        <line num="41" type="stmt" count="1"/>
        <line num="42" type="stmt" count="0"/>
        <line num="45" type="stmt" count="1"/>
        <line num="46" type="stmt" count="1"/>
        <line num="48" type="stmt" count="1"/>
        <line num="49" type="stmt" count="1"/>
        <line num="50" type="stmt" count="1"/>
        <line num="52" type="stmt" count="1"/>
        <line num="53" type="stmt" count="1"/>
        <line num="56" type="stmt" count="1"/>
        <line num="57" type="stmt" count="0"/>
        <line num="60" type="stmt" count="1"/>
        <line num="61" type="stmt" count="0"/>
        <line num="65" type="stmt" count="1"/>
        <line num="66" type="stmt" count="1"/>
        <line num="67" type="stmt" count="1"/>
        <line num="68" type="stmt" count="1"/>
        <line num="69" type="stmt" count="1"/>
        <line num="70" type="stmt" count="1"/>
        <line num="77" type="stmt" count="1"/>
        <line num="78" type="stmt" count="1"/>
        <line num="79" type="stmt" count="1"/>
        <line num="80" type="stmt" count="1"/>
        <line num="81" type="stmt" count="1"/>
        <line num="82" type="stmt" count="1"/>
        <line num="83" type="stmt" count="1"/>
        <line num="84" type="stmt" count="1"/>
        <line num="85" type="stmt" count="1"/>
        <line num="86" type="stmt" count="1"/>
        <line num="91" type="stmt" count="1"/>
        <line num="97" type="method" name="modelHasParent" visibility="private" complexity="4" crap="4.25" count="1"/>
        <line num="99" type="stmt" count="1"/>
        <line num="100" type="stmt" count="1"/>
        <line num="101" type="stmt" count="0"/>
        <line num="104" type="stmt" count="1"/>
        <line num="105" type="stmt" count="1"/>
        <line num="106" type="stmt" count="1"/>
        <line num="107" type="stmt" count="1"/>
        <line num="111" type="stmt" count="0"/>
        <line num="117" type="method" name="isBelongsToMethod" visibility="private" complexity="8" crap="8.03" count="1"/>
        <line num="120" type="stmt" count="1"/>
        <line num="121" type="stmt" count="1"/>
        <line num="122" type="stmt" count="1"/>
        <line num="123" type="stmt" count="1"/>
        <line num="124" type="stmt" count="1"/>
        <line num="129" type="stmt" count="1"/>
        <line num="130" type="stmt" count="1"/>
        <line num="131" type="stmt" count="1"/>
        <line num="132" type="stmt" count="1"/>
        <line num="133" type="stmt" count="1"/>
        <line num="134" type="stmt" count="1"/>
        <line num="135" type="stmt" count="0"/>
        <line num="140" type="stmt" count="1"/>
        <metrics loc="143" ncloc="124" classes="1" methods="4" coveredmethods="0" conditionals="0" coveredconditionals="0" statements="61" coveredstatements="53" elements="65" coveredelements="53"/>
      </file>
    </package>
    <package name="Opscale\Rules\DDD\Domain">
      <file name="/Users/nelson/Projects/Opscale/strict-rules/src/Rules/DDD/Domain/NoStatementsLogicRule.php">
        <class name="Opscale\Rules\DDD\Domain\NoStatementsLogicRule" namespace="Opscale\Rules\DDD\Domain">
          <metrics complexity="7" methods="1" coveredmethods="0" conditionals="0" coveredconditionals="0" statements="33" coveredstatements="30" elements="34" coveredelements="30"/>
        </class>
        <line num="21" type="method" name="validate" visibility="protected" complexity="7" crap="7.04" count="2"/>
        <line num="23" type="stmt" count="2"/>
        <line num="24" type="stmt" count="2"/>
        <line num="25" type="stmt" count="0"/>
        <line num="28" type="stmt" count="2"/>
        <line num="29" type="stmt" count="2"/>
        <line num="30" type="stmt" count="2"/>
        <line num="31" type="stmt" count="0"/>
        <line num="34" type="stmt" count="2"/>
        <line num="35" type="stmt" count="2"/>
        <line num="37" type="stmt" count="2"/>
        <line num="39" type="stmt" count="2"/>
        <line num="40" type="stmt" count="0"/>
        <line num="44" type="stmt" count="2"/>
        <line num="45" type="stmt" count="2"/>
        <line num="46" type="stmt" count="2"/>
        <line num="47" type="stmt" count="2"/>
        <line num="48" type="stmt" count="2"/>
        <line num="49" type="stmt" count="2"/>
        <line num="50" type="stmt" count="2"/>
        <line num="53" type="stmt" count="2"/>
        <line num="54" type="stmt" count="2"/>
        <line num="55" type="stmt" count="1"/>
        <line num="56" type="stmt" count="1"/>
        <line num="57" type="stmt" count="1"/>
        <line num="58" type="stmt" count="1"/>
        <line num="59" type="stmt" count="1"/>
        <line num="60" type="stmt" count="1"/>
        <line num="61" type="stmt" count="1"/>
        <line num="63" type="stmt" count="1"/>
        <line num="64" type="stmt" count="1"/>
        <line num="65" type="stmt" count="1"/>
        <line num="66" type="stmt" count="1"/>
        <line num="71" type="stmt" count="2"/>
        <metrics loc="74" ncloc="67" classes="1" methods="1" coveredmethods="0" conditionals="0" coveredconditionals="0" statements="33" coveredstatements="30" elements="34" coveredelements="30"/>
      </file>
    </package>
    <package name="Opscale\Rules\DDD">
      <file name="/Users/nelson/Projects/Opscale/strict-rules/src/Rules/DDD/DomainRule.php">
        <class name="Opscale\Rules\DDD\DomainRule" namespace="Opscale\Rules\DDD">
          <metrics complexity="10" methods="2" coveredmethods="0" conditionals="0" coveredconditionals="0" statements="20" coveredstatements="16" elements="22" coveredelements="16"/>
        </class>
        <line num="22" type="method" name="shouldProcess" visibility="protected" complexity="6" crap="6.17" count="22"/>
        <line num="25" type="stmt" count="22"/>
        <line num="26" type="stmt" count="1"/>
        <line num="30" type="stmt" count="22"/>
        <line num="31" type="stmt" count="22"/>
        <line num="32" type="stmt" count="22"/>
        <line num="33" type="stmt" count="0"/>
        <line num="37" type="stmt" count="22"/>
        <line num="38" type="stmt" count="0"/>
        <line num="41" type="stmt" count="22"/>
        <line num="42" type="stmt" count="22"/>
        <line num="43" type="stmt" count="1"/>
        <line num="46" type="stmt" count="22"/>
        <line num="52" type="method" name="isEloquentModel" visibility="protected" complexity="4" crap="4.25" count="17"/>
        <line num="54" type="stmt" count="17"/>
        <line num="55" type="stmt" count="2"/>
        <line num="56" type="stmt" count="15"/>
        <line num="57" type="stmt" count="17"/>
        <line num="58" type="stmt" count="0"/>
        <line num="62" type="stmt" count="17"/>
        <line num="63" type="stmt" count="0"/>
        <line num="68" type="stmt" count="17"/>
        <metrics loc="71" ncloc="56" classes="1" methods="2" coveredmethods="0" conditionals="0" coveredconditionals="0" statements="20" coveredstatements="16" elements="22" coveredelements="16"/>
      </file>
    </package>
    <package name="Opscale\Rules\DDD\DomainServices">
      <file name="/Users/nelson/Projects/Opscale/strict-rules/src/Rules/DDD/DomainServices/ComplexLogicRule.php">
        <class name="Opscale\Rules\DDD\DomainServices\ComplexLogicRule" namespace="Opscale\Rules\DDD\DomainServices">
          <metrics complexity="10" methods="2" coveredmethods="0" conditionals="0" coveredconditionals="0" statements="33" coveredstatements="28" elements="35" coveredelements="28"/>
        </class>
        <line num="17" type="method" name="validate" visibility="protected" complexity="6" crap="6" count="1"/>
        <line num="19" type="stmt" count="1"/>
        <line num="20" type="stmt" count="1"/>
        <line num="21" type="stmt" count="1"/>
        <line num="22" type="stmt" count="1"/>
        <line num="23" type="stmt" count="0"/>
        <line num="26" type="stmt" count="1"/>
        <line num="27" type="stmt" count="1"/>
        <line num="28" type="stmt" count="1"/>
        <line num="31" type="stmt" count="1"/>
        <line num="33" type="stmt" count="1"/>
        <line num="34" type="stmt" count="1"/>
        <line num="35" type="stmt" count="1"/>
        <line num="38" type="stmt" count="1"/>
        <line num="39" type="stmt" count="1"/>
        <line num="40" type="stmt" count="1"/>
        <line num="41" type="stmt" count="1"/>
        <line num="42" type="stmt" count="1"/>
        <line num="43" type="stmt" count="1"/>
        <line num="44" type="stmt" count="1"/>
        <line num="46" type="stmt" count="1"/>
        <line num="47" type="stmt" count="1"/>
        <line num="48" type="stmt" count="1"/>
        <line num="49" type="stmt" count="1"/>
        <line num="51" type="stmt" count="1"/>
        <line num="56" type="stmt" count="1"/>
        <line num="62" type="method" name="isEloquentModelClass" visibility="private" complexity="4" crap="6.00" count="1"/>
        <line num="65" type="stmt" count="1"/>
        <line num="66" type="stmt" count="0"/>
        <line num="69" type="stmt" count="1"/>
        <line num="70" type="stmt" count="1"/>
        <line num="71" type="stmt" count="0"/>
        <line num="74" type="stmt" count="1"/>
        <line num="76" type="stmt" count="0"/>
        <line num="78" type="stmt" count="0"/>
        <metrics loc="82" ncloc="72" classes="1" methods="2" coveredmethods="0" conditionals="0" coveredconditionals="0" statements="33" coveredstatements="28" elements="35" coveredelements="28"/>
      </file>
    </package>
    <package name="Opscale\Rules\DDD\Entities">
      <file name="/Users/nelson/Projects/Opscale/strict-rules/src/Rules/DDD/Entities/EnforceUlidsRule.php">
        <class name="Opscale\Rules\DDD\Entities\EnforceUlidsRule" namespace="Opscale\Rules\DDD\Entities">
          <metrics complexity="10" methods="3" coveredmethods="1" conditionals="0" coveredconditionals="0" statements="27" coveredstatements="25" elements="30" coveredelements="26"/>
        </class>
        <line num="19" type="method" name="__construct" visibility="public" complexity="1" crap="1" count="5"/>
        <line num="22" type="stmt" count="5"/>
        <line num="25" type="method" name="validate" visibility="protected" complexity="4" crap="4.00" count="5"/>
        <line num="27" type="stmt" count="5"/>
        <line num="28" type="stmt" count="5"/>
        <line num="29" type="stmt" count="1"/>
        <line num="32" type="stmt" count="4"/>
        <line num="35" type="stmt" count="4"/>
        <line num="36" type="stmt" count="4"/>
        <line num="37" type="stmt" count="0"/>
        <line num="40" type="stmt" count="4"/>
        <line num="41" type="stmt" count="3"/>
        <line num="42" type="stmt" count="3"/>
        <line num="43" type="stmt" count="3"/>
        <line num="44" type="stmt" count="3"/>
        <line num="45" type="stmt" count="3"/>
        <line num="47" type="stmt" count="3"/>
        <line num="48" type="stmt" count="3"/>
        <line num="49" type="stmt" count="3"/>
        <line num="50" type="stmt" count="3"/>
        <line num="53" type="stmt" count="4"/>
        <line num="59" type="method" name="usesTrait" visibility="protected" complexity="5" crap="5.05" count="4"/>
        <line num="61" type="stmt" count="4"/>
        <line num="62" type="stmt" count="4"/>
        <line num="63" type="stmt" count="4"/>
        <line num="64" type="stmt" count="0"/>
        <line num="67" type="stmt" count="4"/>
        <line num="68" type="stmt" count="4"/>
        <line num="69" type="stmt" count="1"/>
        <line num="73" type="stmt" count="3"/>
        <metrics loc="76" ncloc="67" classes="1" methods="3" coveredmethods="1" conditionals="0" coveredconditionals="0" statements="27" coveredstatements="25" elements="30" coveredelements="26"/>
      </file>
    </package>
    <package name="Opscale\Rules\DDD\Repositories">
      <file name="/Users/nelson/Projects/Opscale/strict-rules/src/Rules/DDD/Repositories/EloquentRestrictionRule.php">
        <class name="Opscale\Rules\DDD\Repositories\EloquentRestrictionRule" namespace="Opscale\Rules\DDD\Repositories">
          <metrics complexity="35" methods="6" coveredmethods="2" conditionals="0" coveredconditionals="0" statements="128" coveredstatements="121" elements="134" coveredelements="123"/>
        </class>
        <line num="29" type="method" name="validate" visibility="protected" complexity="10" crap="10" count="2"/>
        <line num="31" type="stmt" count="2"/>
        <line num="32" type="stmt" count="2"/>
        <line num="33" type="stmt" count="2"/>
        <line num="34" type="stmt" count="2"/>
        <line num="35" type="stmt" count="0"/>
        <line num="38" type="stmt" count="2"/>
        <line num="39" type="stmt" count="2"/>
        <line num="41" type="stmt" count="2"/>
        <line num="42" type="stmt" count="2"/>
        <line num="43" type="stmt" count="2"/>
        <line num="45" type="stmt" count="2"/>
        <line num="46" type="stmt" count="2"/>
        <line num="49" type="stmt" count="1"/>
        <line num="53" type="stmt" count="1"/>
        <line num="54" type="stmt" count="1"/>
        <line num="55" type="stmt" count="1"/>
        <line num="56" type="stmt" count="1"/>
        <line num="57" type="stmt" count="1"/>
        <line num="60" type="stmt" count="1"/>
        <line num="61" type="stmt" count="1"/>
        <line num="62" type="stmt" count="1"/>
        <line num="63" type="stmt" count="1"/>
        <line num="66" type="stmt" count="1"/>
        <line num="67" type="stmt" count="1"/>
        <line num="68" type="stmt" count="1"/>
        <line num="69" type="stmt" count="1"/>
        <line num="70" type="stmt" count="1"/>
        <line num="71" type="stmt" count="1"/>
        <line num="73" type="stmt" count="1"/>
        <line num="74" type="stmt" count="1"/>
        <line num="75" type="stmt" count="1"/>
        <line num="76" type="stmt" count="1"/>
        <line num="80" type="stmt" count="2"/>
        <line num="86" type="method" name="isEloquentQueryBuilderCall" visibility="private" complexity="3" crap="3.07" count="2"/>
        <line num="88" type="stmt" count="2"/>
        <line num="89" type="stmt" count="1"/>
        <line num="92" type="stmt" count="2"/>
        <line num="93" type="stmt" count="0"/>
        <line num="96" type="stmt" count="2"/>
        <line num="102" type="method" name="isStaticEloquentCall" visibility="private" complexity="6" crap="6" count="2"/>
        <line num="104" type="stmt" count="2"/>
        <line num="105" type="stmt" count="2"/>
        <line num="108" type="stmt" count="1"/>
        <line num="109" type="stmt" count="1"/>
        <line num="110" type="stmt" count="1"/>
        <line num="113" type="stmt" count="1"/>
        <line num="114" type="stmt" count="1"/>
        <line num="116" type="stmt" count="1"/>
        <line num="117" type="stmt" count="1"/>
        <line num="123" type="method" name="isDirectModelClassCall" visibility="private" complexity="6" crap="9.16" count="2"/>
        <line num="125" type="stmt" count="2"/>
        <line num="126" type="stmt" count="2"/>
        <line num="129" type="stmt" count="1"/>
        <line num="130" type="stmt" count="1"/>
        <line num="131" type="stmt" count="1"/>
        <line num="134" type="stmt" count="0"/>
        <line num="135" type="stmt" count="0"/>
        <line num="137" type="stmt" count="0"/>
        <line num="138" type="stmt" count="0"/>
        <line num="144" type="method" name="isThisMethodCall" visibility="private" complexity="9" crap="9.04" count="2"/>
        <line num="146" type="stmt" count="2"/>
        <line num="147" type="stmt" count="2"/>
        <line num="148" type="stmt" count="2"/>
        <line num="149" type="stmt" count="2"/>
        <line num="152" type="stmt" count="1"/>
        <line num="153" type="stmt" count="1"/>
        <line num="154" type="stmt" count="1"/>
        <line num="155" type="stmt" count="1"/>
        <line num="156" type="stmt" count="0"/>
        <line num="159" type="stmt" count="1"/>
        <line num="160" type="stmt" count="1"/>
        <line num="162" type="stmt" count="1"/>
        <line num="165" type="stmt" count="1"/>
        <line num="171" type="method" name="getEloquentMethods" visibility="private" complexity="1" crap="1" count="1"/>
        <line num="173" type="stmt" count="1"/>
        <line num="175" type="stmt" count="1"/>
        <line num="176" type="stmt" count="1"/>
        <line num="177" type="stmt" count="1"/>
        <line num="178" type="stmt" count="1"/>
        <line num="179" type="stmt" count="1"/>
        <line num="182" type="stmt" count="1"/>
        <line num="183" type="stmt" count="1"/>
        <line num="186" type="stmt" count="1"/>
        <line num="187" type="stmt" count="1"/>
        <line num="190" type="stmt" count="1"/>
        <line num="191" type="stmt" count="1"/>
        <line num="192" type="stmt" count="1"/>
        <line num="193" type="stmt" count="1"/>
        <line num="196" type="stmt" count="1"/>
        <line num="199" type="stmt" count="1"/>
        <line num="200" type="stmt" count="1"/>
        <line num="203" type="stmt" count="1"/>
        <line num="204" type="stmt" count="1"/>
        <line num="205" type="stmt" count="1"/>
        <line num="206" type="stmt" count="1"/>
        <line num="207" type="stmt" count="1"/>
        <line num="208" type="stmt" count="1"/>
        <line num="211" type="stmt" count="1"/>
        <line num="212" type="stmt" count="1"/>
        <line num="215" type="stmt" count="1"/>
        <line num="216" type="stmt" count="1"/>
        <line num="217" type="stmt" count="1"/>
        <line num="218" type="stmt" count="1"/>
        <line num="219" type="stmt" count="1"/>
        <line num="220" type="stmt" count="1"/>
        <line num="221" type="stmt" count="1"/>
        <line num="224" type="stmt" count="1"/>
        <line num="225" type="stmt" count="1"/>
        <line num="226" type="stmt" count="1"/>
        <line num="229" type="stmt" count="1"/>
        <line num="230" type="stmt" count="1"/>
        <line num="233" type="stmt" count="1"/>
        <line num="234" type="stmt" count="1"/>
        <line num="235" type="stmt" count="1"/>
        <line num="236" type="stmt" count="1"/>
        <line num="239" type="stmt" count="1"/>
        <line num="240" type="stmt" count="1"/>
        <line num="241" type="stmt" count="1"/>
        <line num="244" type="stmt" count="1"/>
        <line num="245" type="stmt" count="1"/>
        <line num="248" type="stmt" count="1"/>
        <line num="251" type="stmt" count="1"/>
        <line num="252" type="stmt" count="1"/>
        <line num="253" type="stmt" count="1"/>
        <line num="254" type="stmt" count="1"/>
        <line num="257" type="stmt" count="1"/>
        <line num="258" type="stmt" count="1"/>
        <line num="261" type="stmt" count="1"/>
        <line num="262" type="stmt" count="1"/>
        <line num="265" type="stmt" count="1"/>
        <line num="268" type="stmt" count="1"/>
        <line num="269" type="stmt" count="1"/>
        <line num="270" type="stmt" count="1"/>
        <metrics loc="273" ncloc="228" classes="1" methods="6" coveredmethods="2" conditionals="0" coveredconditionals="0" statements="128" coveredstatements="121" elements="134" coveredelements="123"/>
      </file>
    </package>
    <package name="Opscale\Rules\DDD\Subdomains">
      <file name="/Users/nelson/Projects/Opscale/strict-rules/src/Rules/DDD/Subdomains/BaseNamespaceRule.php">
        <class name="Opscale\Rules\DDD\Subdomains\BaseNamespaceRule" namespace="Opscale\Rules\DDD\Subdomains">
          <metrics complexity="11" methods="2" coveredmethods="1" conditionals="0" coveredconditionals="0" statements="28" coveredstatements="26" elements="30" coveredelements="27"/>
        </class>
        <line num="16" type="method" name="shouldProcess" visibility="protected" complexity="8" crap="8.38" count="2"/>
        <line num="19" type="stmt" count="2"/>
        <line num="20" type="stmt" count="0"/>
        <line num="23" type="stmt" count="2"/>
        <line num="24" type="stmt" count="2"/>
        <line num="25" type="stmt" count="2"/>
        <line num="26" type="stmt" count="2"/>
        <line num="27" type="stmt" count="2"/>
        <line num="28" type="stmt" count="2"/>
        <line num="29" type="stmt" count="2"/>
        <line num="30" type="stmt" count="0"/>
        <line num="33" type="stmt" count="2"/>
        <line num="36" type="method" name="validate" visibility="protected" complexity="3" crap="3" count="2"/>
        <line num="38" type="stmt" count="2"/>
        <line num="39" type="stmt" count="2"/>
        <line num="42" type="stmt" count="2"/>
        <line num="43" type="stmt" count="2"/>
        <line num="44" type="stmt" count="1"/>
        <line num="47" type="stmt" count="1"/>
        <line num="48" type="stmt" count="1"/>
        <line num="49" type="stmt" count="1"/>
        <line num="50" type="stmt" count="1"/>
        <line num="51" type="stmt" count="1"/>
        <line num="52" type="stmt" count="1"/>
        <line num="54" type="stmt" count="1"/>
        <line num="55" type="stmt" count="1"/>
        <line num="56" type="stmt" count="1"/>
        <line num="57" type="stmt" count="1"/>
        <line num="58" type="stmt" count="1"/>
        <line num="60" type="stmt" count="1"/>
        <metrics loc="63" ncloc="57" classes="1" methods="2" coveredmethods="1" conditionals="0" coveredconditionals="0" statements="28" coveredstatements="26" elements="30" coveredelements="27"/>
      </file>
      <file name="/Users/nelson/Projects/Opscale/strict-rules/src/Rules/DDD/Subdomains/EntityCountRule.php">
        <class name="Opscale\Rules\DDD\Subdomains\EntityCountRule" namespace="Opscale\Rules\DDD\Subdomains">
          <metrics complexity="5" methods="2" coveredmethods="1" conditionals="0" coveredconditionals="0" statements="19" coveredstatements="8" elements="21" coveredelements="9"/>
        </class>
        <line num="24" type="method" name="__construct" visibility="public" complexity="1" crap="1" count="3"/>
        <line num="28" type="stmt" count="3"/>
        <line num="29" type="stmt" count="3"/>
        <line num="32" type="method" name="validate" visibility="protected" complexity="4" crap="8.33" count="2"/>
        <line num="34" type="stmt" count="2"/>
        <line num="35" type="stmt" count="2"/>
        <line num="36" type="stmt" count="1"/>
        <line num="40" type="stmt" count="1"/>
        <line num="41" type="stmt" count="1"/>
        <line num="42" type="stmt" count="0"/>
        <line num="43" type="stmt" count="0"/>
        <line num="44" type="stmt" count="0"/>
        <line num="45" type="stmt" count="0"/>
        <line num="46" type="stmt" count="0"/>
        <line num="47" type="stmt" count="0"/>
        <line num="49" type="stmt" count="0"/>
        <line num="50" type="stmt" count="0"/>
        <line num="51" type="stmt" count="0"/>
        <line num="52" type="stmt" count="0"/>
        <line num="53" type="stmt" count="0"/>
        <line num="56" type="stmt" count="1"/>
        <metrics loc="59" ncloc="51" classes="1" methods="2" coveredmethods="1" conditionals="0" coveredconditionals="0" statements="19" coveredstatements="8" elements="21" coveredelements="9"/>
      </file>
    </package>
    <package name="Opscale\Rules\DDD\ValueObjects">
      <file name="/Users/nelson/Projects/Opscale/strict-rules/src/Rules/DDD/ValueObjects/EnforceCastRule.php">
        <class name="Opscale\Rules\DDD\ValueObjects\EnforceCastRule" namespace="Opscale\Rules\DDD\ValueObjects">
          <metrics complexity="6" methods="2" coveredmethods="0" conditionals="0" coveredconditionals="0" statements="25" coveredstatements="23" elements="27" coveredelements="23"/>
        </class>
        <line num="16" type="method" name="validate" visibility="protected" complexity="3" crap="3.00" count="3"/>
        <line num="18" type="stmt" count="3"/>
        <line num="19" type="stmt" count="3"/>
        <line num="20" type="stmt" count="3"/>
        <line num="21" type="stmt" count="3"/>
        <line num="22" type="stmt" count="0"/>
        <line num="25" type="stmt" count="3"/>
        <line num="28" type="stmt" count="3"/>
        <line num="29" type="stmt" count="2"/>
        <line num="30" type="stmt" count="2"/>
        <line num="31" type="stmt" count="2"/>
        <line num="32" type="stmt" count="2"/>
        <line num="33" type="stmt" count="2"/>
        <line num="34" type="stmt" count="2"/>
        <line num="36" type="stmt" count="2"/>
        <line num="37" type="stmt" count="2"/>
        <line num="38" type="stmt" count="2"/>
        <line num="39" type="stmt" count="2"/>
        <line num="42" type="stmt" count="3"/>
        <line num="45" type="method" name="shouldProcess" visibility="protected" complexity="3" crap="3.03" count="5"/>
        <line num="47" type="stmt" count="5"/>
        <line num="48" type="stmt" count="0"/>
        <line num="51" type="stmt" count="5"/>
        <line num="52" type="stmt" count="5"/>
        <line num="53" type="stmt" count="5"/>
        <line num="54" type="stmt" count="2"/>
        <line num="57" type="stmt" count="3"/>
        <metrics loc="60" ncloc="56" classes="1" methods="2" coveredmethods="0" conditionals="0" coveredconditionals="0" statements="25" coveredstatements="23" elements="27" coveredelements="23"/>
      </file>
      <file name="/Users/nelson/Projects/Opscale/strict-rules/src/Rules/DDD/ValueObjects/NoAccesorMutatorRule.php">
        <class name="Opscale\Rules\DDD\ValueObjects\NoAccesorMutatorRule" namespace="Opscale\Rules\DDD\ValueObjects">
          <metrics complexity="30" methods="5" coveredmethods="0" conditionals="0" coveredconditionals="0" statements="59" coveredstatements="48" elements="64" coveredelements="48"/>
        </class>
        <line num="19" type="method" name="validate" visibility="protected" complexity="7" crap="7.03" count="2"/>
        <line num="21" type="stmt" count="2"/>
        <line num="22" type="stmt" count="2"/>
        <line num="23" type="stmt" count="2"/>
        <line num="24" type="stmt" count="2"/>
        <line num="25" type="stmt" count="0"/>
        <line num="28" type="stmt" count="2"/>
        <line num="29" type="stmt" count="2"/>
        <line num="30" type="stmt" count="0"/>
        <line num="33" type="stmt" count="2"/>
        <line num="35" type="stmt" count="2"/>
        <line num="36" type="stmt" count="2"/>
        <line num="37" type="stmt" count="2"/>
        <line num="38" type="stmt" count="2"/>
        <line num="39" type="stmt" count="1"/>
        <line num="40" type="stmt" count="1"/>
        <line num="41" type="stmt" count="1"/>
        <line num="42" type="stmt" count="1"/>
        <line num="43" type="stmt" count="1"/>
        <line num="44" type="stmt" count="1"/>
        <line num="46" type="stmt" count="1"/>
        <line num="47" type="stmt" count="1"/>
        <line num="48" type="stmt" count="1"/>
        <line num="49" type="stmt" count="1"/>
        <line num="53" type="stmt" count="2"/>
        <line num="56" type="method" name="shouldProcess" visibility="protected" complexity="3" crap="3.07" count="2"/>
        <line num="58" type="stmt" count="2"/>
        <line num="59" type="stmt" count="2"/>
        <line num="60" type="stmt" count="2"/>
        <line num="61" type="stmt" count="0"/>
        <line num="64" type="stmt" count="2"/>
        <line num="70" type="method" name="isEloquentMutator" visibility="private" complexity="4" crap="4.07" count="2"/>
        <line num="72" type="stmt" count="2"/>
        <line num="75" type="stmt" count="2"/>
        <line num="76" type="stmt" count="1"/>
        <line num="80" type="stmt" count="2"/>
        <line num="81" type="stmt" count="0"/>
        <line num="84" type="stmt" count="2"/>
        <line num="90" type="method" name="isEloquentAccessor" visibility="private" complexity="4" crap="4.07" count="2"/>
        <line num="92" type="stmt" count="2"/>
        <line num="95" type="stmt" count="2"/>
        <line num="96" type="stmt" count="1"/>
        <line num="100" type="stmt" count="2"/>
        <line num="101" type="stmt" count="0"/>
        <line num="104" type="stmt" count="2"/>
        <line num="110" type="method" name="isAttributeMethod" visibility="private" complexity="12" crap="17.33" count="2"/>
        <line num="113" type="stmt" count="2"/>
        <line num="114" type="stmt" count="1"/>
        <line num="118" type="stmt" count="2"/>
        <line num="119" type="stmt" count="2"/>
        <line num="120" type="stmt" count="1"/>
        <line num="121" type="stmt" count="1"/>
        <line num="122" type="stmt" count="1"/>
        <line num="123" type="stmt" count="1"/>
        <line num="128" type="stmt" count="2"/>
        <line num="129" type="stmt" count="2"/>
        <line num="130" type="stmt" count="2"/>
        <line num="131" type="stmt" count="0"/>
        <line num="132" type="stmt" count="0"/>
        <line num="133" type="stmt" count="0"/>
        <line num="134" type="stmt" count="0"/>
        <line num="135" type="stmt" count="0"/>
        <line num="136" type="stmt" count="0"/>
        <line num="143" type="stmt" count="2"/>
        <metrics loc="146" ncloc="127" classes="1" methods="5" coveredmethods="0" conditionals="0" coveredconditionals="0" statements="59" coveredstatements="48" elements="64" coveredelements="48"/>
      </file>
    </package>
    <package name="Opscale\Rules\SOLID\DIP">
      <file name="/Users/nelson/Projects/Opscale/strict-rules/src/Rules/SOLID/DIP/DisallowInstantiationRule.php">
        <class name="Opscale\Rules\SOLID\DIP\DisallowInstantiationRule" namespace="Opscale\Rules\SOLID\DIP">
          <metrics complexity="39" methods="8" coveredmethods="3" conditionals="0" coveredconditionals="0" statements="86" coveredstatements="65" elements="94" coveredelements="68"/>
        </class>
        <line num="44" type="method" name="__construct" visibility="public" complexity="1" crap="1" count="5"/>
        <line num="48" type="stmt" count="5"/>
        <line num="49" type="stmt" count="5"/>
        <line num="52" type="method" name="validate" visibility="protected" complexity="3" crap="3.01" count="5"/>
        <line num="54" type="stmt" count="5"/>
        <line num="55" type="stmt" count="5"/>
        <line num="56" type="stmt" count="5"/>
        <line num="58" type="stmt" count="5"/>
        <line num="59" type="stmt" count="0"/>
        <line num="63" type="stmt" count="5"/>
        <line num="64" type="stmt" count="5"/>
        <line num="65" type="stmt" count="5"/>
        <line num="68" type="stmt" count="5"/>
        <line num="76" type="method" name="checkMethodForInstantiations" visibility="private" complexity="7" crap="7.13" count="5"/>
        <line num="78" type="stmt" count="5"/>
        <line num="79" type="stmt" count="5"/>
        <line num="80" type="stmt" count="5"/>
        <line num="82" type="stmt" count="5"/>
        <line num="83" type="stmt" count="0"/>
        <line num="87" type="stmt" count="5"/>
        <line num="88" type="stmt" count="3"/>
        <line num="92" type="stmt" count="5"/>
        <line num="94" type="stmt" count="5"/>
        <line num="95" type="stmt" count="2"/>
        <line num="96" type="stmt" count="0"/>
        <line num="99" type="stmt" count="2"/>
        <line num="102" type="stmt" count="2"/>
        <line num="105" type="stmt" count="2"/>
        <line num="106" type="stmt" count="0"/>
        <line num="110" type="stmt" count="2"/>
        <line num="111" type="stmt" count="0"/>
        <line num="114" type="stmt" count="2"/>
        <line num="115" type="stmt" count="2"/>
        <line num="116" type="stmt" count="2"/>
        <line num="117" type="stmt" count="2"/>
        <line num="118" type="stmt" count="2"/>
        <line num="119" type="stmt" count="2"/>
        <line num="120" type="stmt" count="2"/>
        <line num="122" type="stmt" count="2"/>
        <line num="123" type="stmt" count="2"/>
        <line num="124" type="stmt" count="2"/>
        <line num="125" type="stmt" count="2"/>
        <line num="128" type="stmt" count="5"/>
        <line num="136" type="method" name="findNewExpressions" visibility="private" complexity="7" crap="7" count="5"/>
        <line num="138" type="stmt" count="5"/>
        <line num="140" type="stmt" count="5"/>
        <line num="141" type="stmt" count="2"/>
        <line num="144" type="stmt" count="5"/>
        <line num="145" type="stmt" count="5"/>
        <line num="147" type="stmt" count="5"/>
        <line num="148" type="stmt" count="5"/>
        <line num="149" type="stmt" count="5"/>
        <line num="150" type="stmt" count="5"/>
        <line num="151" type="stmt" count="5"/>
        <line num="152" type="stmt" count="5"/>
        <line num="158" type="stmt" count="5"/>
        <line num="164" type="method" name="resolveClassName" visibility="private" complexity="6" crap="8.60" count="2"/>
        <line num="167" type="stmt" count="2"/>
        <line num="168" type="stmt" count="0"/>
        <line num="172" type="stmt" count="2"/>
        <line num="173" type="stmt" count="2"/>
        <line num="174" type="stmt" count="2"/>
        <line num="175" type="stmt" count="2"/>
        <line num="177" type="stmt" count="2"/>
        <line num="178" type="stmt" count="2"/>
        <line num="183" type="stmt" count="0"/>
        <line num="184" type="stmt" count="0"/>
        <line num="185" type="stmt" count="0"/>
        <line num="188" type="stmt" count="0"/>
        <line num="194" type="method" name="isAllowedInstantiation" visibility="private" complexity="10" crap="15.69" count="2"/>
        <line num="197" type="stmt" count="2"/>
        <line num="198" type="stmt" count="0"/>
        <line num="202" type="stmt" count="2"/>
        <line num="203" type="stmt" count="2"/>
        <line num="204" type="stmt" count="0"/>
        <line num="209" type="stmt" count="2"/>
        <line num="210" type="stmt" count="0"/>
        <line num="211" type="stmt" count="0"/>
        <line num="216" type="stmt" count="2"/>
        <line num="217" type="stmt" count="2"/>
        <line num="218" type="stmt" count="2"/>
        <line num="219" type="stmt" count="0"/>
        <line num="223" type="stmt" count="2"/>
        <line num="229" type="method" name="isPhpBuiltInClass" visibility="private" complexity="4" crap="10.75" count="2"/>
        <line num="232" type="stmt" count="2"/>
        <line num="233" type="stmt" count="2"/>
        <line num="238" type="stmt" count="0"/>
        <line num="239" type="stmt" count="0"/>
        <line num="241" type="stmt" count="0"/>
        <line num="243" type="stmt" count="0"/>
        <line num="245" type="stmt" count="0"/>
        <line num="248" type="stmt" count="0"/>
        <line num="254" type="method" name="isSelfOrParentInstantiation" visibility="private" complexity="1" crap="1" count="2"/>
        <line num="256" type="stmt" count="2"/>
        <metrics loc="259" ncloc="210" classes="1" methods="8" coveredmethods="3" conditionals="0" coveredconditionals="0" statements="86" coveredstatements="65" elements="94" coveredelements="68"/>
      </file>
    </package>
    <package name="Opscale\Rules\SOLID\ISP">
      <file name="/Users/nelson/Projects/Opscale/strict-rules/src/Rules/SOLID/ISP/EnforceImplementationRule.php">
        <class name="Opscale\Rules\SOLID\ISP\EnforceImplementationRule" namespace="Opscale\Rules\SOLID\ISP">
          <metrics complexity="39" methods="5" coveredmethods="1" conditionals="0" coveredconditionals="0" statements="98" coveredstatements="80" elements="103" coveredelements="81"/>
        </class>
        <line num="28" type="method" name="validate" visibility="protected" complexity="8" crap="8.30" count="2"/>
        <line num="30" type="stmt" count="2"/>
        <line num="31" type="stmt" count="2"/>
        <line num="32" type="stmt" count="2"/>
        <line num="33" type="stmt" count="0"/>
        <line num="37" type="stmt" count="2"/>
        <line num="38" type="stmt" count="0"/>
        <line num="41" type="stmt" count="2"/>
        <line num="42" type="stmt" count="2"/>
        <line num="43" type="stmt" count="0"/>
        <line num="46" type="stmt" count="2"/>
        <line num="47" type="stmt" count="2"/>
        <line num="48" type="stmt" count="2"/>
        <line num="49" type="stmt" count="0"/>
        <line num="53" type="stmt" count="2"/>
        <line num="55" type="stmt" count="2"/>
        <line num="56" type="stmt" count="2"/>
        <line num="59" type="stmt" count="2"/>
        <line num="60" type="stmt" count="2"/>
        <line num="64" type="stmt" count="2"/>
        <line num="65" type="stmt" count="2"/>
        <line num="66" type="stmt" count="2"/>
        <line num="67" type="stmt" count="2"/>
        <line num="68" type="stmt" count="1"/>
        <line num="72" type="stmt" count="2"/>
        <line num="78" type="method" name="getInterfaceMethods" visibility="private" complexity="6" crap="6.22" count="2"/>
        <line num="80" type="stmt" count="2"/>
        <line num="82" type="stmt" count="2"/>
        <line num="84" type="stmt" count="2"/>
        <line num="85" type="stmt" count="2"/>
        <line num="86" type="stmt" count="2"/>
        <line num="88" type="stmt" count="2"/>
        <line num="89" type="stmt" count="2"/>
        <line num="90" type="stmt" count="2"/>
        <line num="94" type="stmt" count="0"/>
        <line num="96" type="stmt" count="0"/>
        <line num="100" type="stmt" count="2"/>
        <line num="106" type="method" name="validateMethodImplementation" visibility="private" complexity="9" crap="9" count="2"/>
        <line num="108" type="stmt" count="2"/>
        <line num="111" type="stmt" count="2"/>
        <line num="112" type="stmt" count="0"/>
        <line num="116" type="stmt" count="2"/>
        <line num="117" type="stmt" count="1"/>
        <line num="118" type="stmt" count="1"/>
        <line num="119" type="stmt" count="1"/>
        <line num="120" type="stmt" count="1"/>
        <line num="121" type="stmt" count="1"/>
        <line num="122" type="stmt" count="1"/>
        <line num="124" type="stmt" count="1"/>
        <line num="125" type="stmt" count="1"/>
        <line num="126" type="stmt" count="1"/>
        <line num="127" type="stmt" count="1"/>
        <line num="131" type="stmt" count="2"/>
        <line num="132" type="stmt" count="1"/>
        <line num="134" type="stmt" count="1"/>
        <line num="135" type="stmt" count="1"/>
        <line num="136" type="stmt" count="1"/>
        <line num="137" type="stmt" count="1"/>
        <line num="138" type="stmt" count="1"/>
        <line num="139" type="stmt" count="1"/>
        <line num="140" type="stmt" count="1"/>
        <line num="142" type="stmt" count="1"/>
        <line num="143" type="stmt" count="1"/>
        <line num="144" type="stmt" count="1"/>
        <line num="145" type="stmt" count="1"/>
        <line num="149" type="stmt" count="1"/>
        <line num="150" type="stmt" count="1"/>
        <line num="151" type="stmt" count="1"/>
        <line num="152" type="stmt" count="1"/>
        <line num="153" type="stmt" count="1"/>
        <line num="154" type="stmt" count="1"/>
        <line num="155" type="stmt" count="1"/>
        <line num="157" type="stmt" count="1"/>
        <line num="158" type="stmt" count="1"/>
        <line num="159" type="stmt" count="1"/>
        <line num="160" type="stmt" count="1"/>
        <line num="164" type="stmt" count="1"/>
        <line num="170" type="method" name="isShortImplementation" visibility="private" complexity="3" crap="3" count="2"/>
        <line num="173" type="stmt" count="2"/>
        <line num="174" type="stmt" count="2"/>
        <line num="175" type="stmt" count="1"/>
        <line num="179" type="stmt" count="1"/>
        <line num="180" type="stmt" count="1"/>
        <line num="181" type="stmt" count="1"/>
        <line num="183" type="stmt" count="1"/>
        <line num="189" type="method" name="isDefaultValueReturn" visibility="private" complexity="13" crap="58.78" count="1"/>
        <line num="191" type="stmt" count="1"/>
        <line num="192" type="stmt" count="0"/>
        <line num="195" type="stmt" count="1"/>
        <line num="198" type="stmt" count="1"/>
        <line num="200" type="stmt" count="0"/>
        <line num="201" type="stmt" count="0"/>
        <line num="204" type="stmt" count="0"/>
        <line num="205" type="stmt" count="0"/>
        <line num="208" type="stmt" count="0"/>
        <line num="209" type="stmt" count="0"/>
        <line num="214" type="stmt" count="1"/>
        <line num="215" type="stmt" count="0"/>
        <line num="216" type="stmt" count="0"/>
        <line num="217" type="stmt" count="0"/>
        <line num="222" type="stmt" count="1"/>
        <line num="223" type="stmt" count="1"/>
        <line num="226" type="stmt" count="0"/>
        <metrics loc="229" ncloc="195" classes="1" methods="5" coveredmethods="1" conditionals="0" coveredconditionals="0" statements="98" coveredstatements="80" elements="103" coveredelements="81"/>
      </file>
    </package>
    <package name="Opscale\Rules\SOLID\LSP">
      <file name="/Users/nelson/Projects/Opscale/strict-rules/src/Rules/SOLID/LSP/ParentCallRule.php">
        <class name="Opscale\Rules\SOLID\LSP\ParentCallRule" namespace="Opscale\Rules\SOLID\LSP">
          <metrics complexity="19" methods="4" coveredmethods="0" conditionals="0" coveredconditionals="0" statements="53" coveredstatements="47" elements="57" coveredelements="47"/>
        </class>
        <line num="21" type="method" name="validate" visibility="protected" complexity="7" crap="7.02" count="4"/>
        <line num="23" type="stmt" count="4"/>
        <line num="24" type="stmt" count="4"/>
        <line num="25" type="stmt" count="4"/>
        <line num="26" type="stmt" count="4"/>
        <line num="27" type="stmt" count="0"/>
        <line num="30" type="stmt" count="4"/>
        <line num="31" type="stmt" count="4"/>
        <line num="33" type="stmt" count="4"/>
        <line num="34" type="stmt" count="0"/>
        <line num="37" type="stmt" count="4"/>
        <line num="39" type="stmt" count="4"/>
        <line num="40" type="stmt" count="1"/>
        <line num="43" type="stmt" count="4"/>
        <line num="44" type="stmt" count="2"/>
        <line num="47" type="stmt" count="4"/>
        <line num="48" type="stmt" count="2"/>
        <line num="51" type="stmt" count="4"/>
        <line num="52" type="stmt" count="4"/>
        <line num="53" type="stmt" count="4"/>
        <line num="54" type="stmt" count="4"/>
        <line num="55" type="stmt" count="4"/>
        <line num="56" type="stmt" count="4"/>
        <line num="58" type="stmt" count="4"/>
        <line num="59" type="stmt" count="4"/>
        <line num="60" type="stmt" count="4"/>
        <line num="61" type="stmt" count="4"/>
        <line num="64" type="stmt" count="4"/>
        <line num="67" type="method" name="shouldProcess" visibility="protected" complexity="2" crap="2.03" count="4"/>
        <line num="69" type="stmt" count="4"/>
        <line num="70" type="stmt" count="0"/>
        <line num="73" type="stmt" count="4"/>
        <line num="74" type="stmt" count="4"/>
        <line num="76" type="stmt" count="4"/>
        <line num="82" type="method" name="isOverridingParentMethod" visibility="private" complexity="5" crap="5.12" count="4"/>
        <line num="84" type="stmt" count="4"/>
        <line num="85" type="stmt" count="4"/>
        <line num="86" type="stmt" count="0"/>
        <line num="89" type="stmt" count="4"/>
        <line num="92" type="stmt" count="4"/>
        <line num="93" type="stmt" count="2"/>
        <line num="97" type="stmt" count="4"/>
        <line num="100" type="stmt" count="4"/>
        <line num="101" type="stmt" count="0"/>
        <line num="105" type="stmt" count="4"/>
        <line num="106" type="stmt" count="1"/>
        <line num="110" type="stmt" count="4"/>
        <line num="116" type="method" name="hasParentCall" visibility="private" complexity="5" crap="5.03" count="4"/>
        <line num="118" type="stmt" count="4"/>
        <line num="119" type="stmt" count="0"/>
        <line num="122" type="stmt" count="4"/>
        <line num="123" type="stmt" count="4"/>
        <line num="125" type="stmt" count="4"/>
        <line num="126" type="stmt" count="2"/>
        <line num="127" type="stmt" count="2"/>
        <line num="128" type="stmt" count="2"/>
        <line num="132" type="stmt" count="4"/>
        <metrics loc="135" ncloc="118" classes="1" methods="4" coveredmethods="0" conditionals="0" coveredconditionals="0" statements="53" coveredstatements="47" elements="57" coveredelements="47"/>
      </file>
    </package>
    <package name="Opscale\Rules\SOLID\OCP">
      <file name="/Users/nelson/Projects/Opscale/strict-rules/src/Rules/SOLID/OCP/ConditionalOverrideRule.php">
        <class name="Opscale\Rules\SOLID\OCP\ConditionalOverrideRule" namespace="Opscale\Rules\SOLID\OCP">
          <metrics complexity="13" methods="3" coveredmethods="2" conditionals="0" coveredconditionals="0" statements="35" coveredstatements="34" elements="38" coveredelements="36"/>
        </class>
        <line num="17" type="method" name="validate" visibility="protected" complexity="7" crap="7" count="3"/>
        <line num="19" type="stmt" count="3"/>
        <line num="20" type="stmt" count="3"/>
        <line num="21" type="stmt" count="3"/>
        <line num="22" type="stmt" count="3"/>
        <line num="23" type="stmt" count="0"/>
        <line num="26" type="stmt" count="3"/>
        <line num="27" type="stmt" count="3"/>
        <line num="29" type="stmt" count="3"/>
        <line num="30" type="stmt" count="2"/>
        <line num="31" type="stmt" count="1"/>
        <line num="35" type="stmt" count="2"/>
        <line num="36" type="stmt" count="1"/>
        <line num="39" type="stmt" count="2"/>
        <line num="40" type="stmt" count="2"/>
        <line num="43" type="stmt" count="2"/>
        <line num="44" type="stmt" count="1"/>
        <line num="47" type="stmt" count="2"/>
        <line num="48" type="stmt" count="2"/>
        <line num="49" type="stmt" count="2"/>
        <line num="50" type="stmt" count="2"/>
        <line num="51" type="stmt" count="2"/>
        <line num="52" type="stmt" count="2"/>
        <line num="54" type="stmt" count="2"/>
        <line num="55" type="stmt" count="2"/>
        <line num="56" type="stmt" count="2"/>
        <line num="57" type="stmt" count="2"/>
        <line num="60" type="stmt" count="3"/>
        <line num="66" type="method" name="isPublicOrProtected" visibility="private" complexity="2" crap="2" count="2"/>
        <line num="68" type="stmt" count="2"/>
        <line num="69" type="stmt" count="2"/>
        <line num="72" type="stmt" count="2"/>
        <line num="78" type="method" name="hasOverrideAttribute" visibility="private" complexity="4" crap="4" count="2"/>
        <line num="80" type="stmt" count="2"/>
        <line num="81" type="stmt" count="1"/>
        <line num="82" type="stmt" count="1"/>
        <line num="83" type="stmt" count="1"/>
        <line num="88" type="stmt" count="2"/>
        <metrics loc="91" ncloc="79" classes="1" methods="3" coveredmethods="2" conditionals="0" coveredconditionals="0" statements="35" coveredstatements="34" elements="38" coveredelements="36"/>
      </file>
    </package>
    <package name="Opscale\Rules\SOLID\SRP">
      <file name="/Users/nelson/Projects/Opscale/strict-rules/src/Rules/SOLID/SRP/MaxLinesRule.php">
        <class name="Opscale\Rules\SOLID\SRP\MaxLinesRule" namespace="Opscale\Rules\SOLID\SRP">
          <metrics complexity="4" methods="2" coveredmethods="1" conditionals="0" coveredconditionals="0" statements="23" coveredstatements="22" elements="25" coveredelements="23"/>
        </class>
        <line num="26" type="method" name="__construct" visibility="public" complexity="1" crap="1" count="4"/>
        <line num="30" type="stmt" count="4"/>
        <line num="31" type="stmt" count="4"/>
        <line num="34" type="method" name="validate" visibility="protected" complexity="3" crap="3" count="4"/>
        <line num="36" type="stmt" count="4"/>
        <line num="37" type="stmt" count="4"/>
        <line num="40" type="stmt" count="4"/>
        <line num="41" type="stmt" count="4"/>
        <line num="42" type="stmt" count="0"/>
        <line num="45" type="stmt" count="4"/>
        <line num="46" type="stmt" count="4"/>
        <line num="47" type="stmt" count="4"/>
        <line num="49" type="stmt" count="4"/>
        <line num="50" type="stmt" count="2"/>
        <line num="51" type="stmt" count="2"/>
        <line num="52" type="stmt" count="2"/>
        <line num="53" type="stmt" count="2"/>
        <line num="54" type="stmt" count="2"/>
        <line num="55" type="stmt" count="2"/>
        <line num="56" type="stmt" count="2"/>
        <line num="58" type="stmt" count="2"/>
        <line num="59" type="stmt" count="2"/>
        <line num="60" type="stmt" count="2"/>
        <line num="61" type="stmt" count="2"/>
        <line num="64" type="stmt" count="4"/>
        <metrics loc="67" ncloc="56" classes="1" methods="2" coveredmethods="1" conditionals="0" coveredconditionals="0" statements="23" coveredstatements="22" elements="25" coveredelements="23"/>
      </file>
    </package>
    <package name="Opscale\Rules\Smells">
      <file name="/Users/nelson/Projects/Opscale/strict-rules/src/Rules/Smells/EnforceLogicHandlingRule.php">
        <class name="Opscale\Rules\Smells\EnforceLogicHandlingRule" namespace="Opscale\Rules\Smells">
          <metrics complexity="13" methods="3" coveredmethods="1" conditionals="0" coveredconditionals="0" statements="72" coveredstatements="70" elements="75" coveredelements="71"/>
        </class>
        <line num="17" type="method" name="validate" visibility="protected" complexity="6" crap="6" count="6"/>
        <line num="19" type="stmt" count="6"/>
        <line num="20" type="stmt" count="6"/>
        <line num="21" type="stmt" count="6"/>
        <line num="22" type="stmt" count="6"/>
        <line num="23" type="stmt" count="0"/>
        <line num="26" type="stmt" count="6"/>
        <line num="29" type="stmt" count="6"/>
        <line num="30" type="stmt" count="6"/>
        <line num="31" type="stmt" count="6"/>
        <line num="32" type="stmt" count="6"/>
        <line num="33" type="stmt" count="2"/>
        <line num="34" type="stmt" count="2"/>
        <line num="35" type="stmt" count="2"/>
        <line num="36" type="stmt" count="2"/>
        <line num="37" type="stmt" count="2"/>
        <line num="38" type="stmt" count="2"/>
        <line num="40" type="stmt" count="2"/>
        <line num="41" type="stmt" count="2"/>
        <line num="42" type="stmt" count="2"/>
        <line num="43" type="stmt" count="2"/>
        <line num="47" type="stmt" count="6"/>
        <line num="50" type="stmt" count="6"/>
        <line num="51" type="stmt" count="6"/>
        <line num="52" type="stmt" count="6"/>
        <line num="53" type="stmt" count="3"/>
        <line num="54" type="stmt" count="3"/>
        <line num="55" type="stmt" count="3"/>
        <line num="56" type="stmt" count="3"/>
        <line num="57" type="stmt" count="3"/>
        <line num="59" type="stmt" count="3"/>
        <line num="60" type="stmt" count="3"/>
        <line num="61" type="stmt" count="3"/>
        <line num="62" type="stmt" count="3"/>
        <line num="66" type="stmt" count="6"/>
        <line num="69" type="method" name="shouldProcess" visibility="protected" complexity="3" crap="3.03" count="9"/>
        <line num="71" type="stmt" count="9"/>
        <line num="72" type="stmt" count="0"/>
        <line num="75" type="stmt" count="9"/>
        <line num="76" type="stmt" count="9"/>
        <line num="77" type="stmt" count="9"/>
        <line num="78" type="stmt" count="3"/>
        <line num="81" type="stmt" count="6"/>
        <line num="87" type="method" name="isExceptionClass" visibility="private" complexity="4" crap="4" count="6"/>
        <line num="90" type="stmt" count="6"/>
        <line num="91" type="stmt" count="6"/>
        <line num="92" type="stmt" count="6"/>
        <line num="93" type="stmt" count="6"/>
        <line num="94" type="stmt" count="6"/>
        <line num="95" type="stmt" count="6"/>
        <line num="96" type="stmt" count="6"/>
        <line num="97" type="stmt" count="6"/>
        <line num="99" type="stmt" count="6"/>
        <line num="100" type="stmt" count="6"/>
        <line num="101" type="stmt" count="2"/>
        <line num="106" type="stmt" count="5"/>
        <line num="107" type="stmt" count="5"/>
        <line num="108" type="stmt" count="5"/>
        <line num="109" type="stmt" count="5"/>
        <line num="110" type="stmt" count="5"/>
        <line num="111" type="stmt" count="5"/>
        <line num="112" type="stmt" count="5"/>
        <line num="113" type="stmt" count="5"/>
        <line num="114" type="stmt" count="5"/>
        <line num="115" type="stmt" count="5"/>
        <line num="116" type="stmt" count="5"/>
        <line num="117" type="stmt" count="5"/>
        <line num="118" type="stmt" count="5"/>
        <line num="119" type="stmt" count="5"/>
        <line num="120" type="stmt" count="5"/>
        <line num="121" type="stmt" count="5"/>
        <line num="122" type="stmt" count="5"/>
        <line num="123" type="stmt" count="5"/>
        <line num="125" type="stmt" count="5"/>
        <line num="126" type="stmt" count="5"/>
        <metrics loc="129" ncloc="119" classes="1" methods="3" coveredmethods="1" conditionals="0" coveredconditionals="0" statements="72" coveredstatements="70" elements="75" coveredelements="71"/>
      </file>
      <file name="/Users/nelson/Projects/Opscale/strict-rules/src/Rules/Smells/HelpersRestrictionRule.php">
        <class name="Opscale\Rules\Smells\HelpersRestrictionRule" namespace="Opscale\Rules\Smells">
          <metrics complexity="16" methods="3" coveredmethods="0" conditionals="0" coveredconditionals="0" statements="97" coveredstatements="94" elements="100" coveredelements="94"/>
        </class>
        <line num="15" type="method" name="validate" visibility="protected" complexity="12" crap="12" count="4"/>
        <line num="17" type="stmt" count="4"/>
        <line num="18" type="stmt" count="4"/>
        <line num="19" type="stmt" count="4"/>
        <line num="20" type="stmt" count="4"/>
        <line num="22" type="stmt" count="4"/>
        <line num="23" type="stmt" count="0"/>
        <line num="26" type="stmt" count="4"/>
        <line num="28" type="stmt" count="4"/>
        <line num="30" type="stmt" count="4"/>
        <line num="32" type="stmt" count="4"/>
        <line num="33" type="stmt" count="3"/>
        <line num="34" type="stmt" count="2"/>
        <line num="35" type="stmt" count="2"/>
        <line num="37" type="stmt" count="2"/>
        <line num="38" type="stmt" count="2"/>
        <line num="39" type="stmt" count="2"/>
        <line num="40" type="stmt" count="2"/>
        <line num="41" type="stmt" count="2"/>
        <line num="42" type="stmt" count="2"/>
        <line num="43" type="stmt" count="2"/>
        <line num="45" type="stmt" count="2"/>
        <line num="46" type="stmt" count="2"/>
        <line num="47" type="stmt" count="2"/>
        <line num="48" type="stmt" count="2"/>
        <line num="53" type="stmt" count="4"/>
        <line num="55" type="stmt" count="4"/>
        <line num="56" type="stmt" count="2"/>
        <line num="58" type="stmt" count="2"/>
        <line num="59" type="stmt" count="2"/>
        <line num="60" type="stmt" count="2"/>
        <line num="61" type="stmt" count="2"/>
        <line num="62" type="stmt" count="2"/>
        <line num="66" type="stmt" count="2"/>
        <line num="67" type="stmt" count="2"/>
        <line num="69" type="stmt" count="2"/>
        <line num="70" type="stmt" count="2"/>
        <line num="71" type="stmt" count="2"/>
        <line num="72" type="stmt" count="2"/>
        <line num="73" type="stmt" count="2"/>
        <line num="74" type="stmt" count="2"/>
        <line num="76" type="stmt" count="2"/>
        <line num="77" type="stmt" count="2"/>
        <line num="78" type="stmt" count="2"/>
        <line num="79" type="stmt" count="2"/>
        <line num="85" type="stmt" count="4"/>
        <line num="88" type="method" name="shouldProcess" visibility="protected" complexity="2" crap="2.15" count="4"/>
        <line num="90" type="stmt" count="4"/>
        <line num="91" type="stmt" count="0"/>
        <line num="94" type="stmt" count="4"/>
        <line num="97" type="method" name="isHelperFunctionCall" visibility="private" complexity="2" crap="2" count="2"/>
        <line num="99" type="stmt" count="2"/>
        <line num="100" type="stmt" count="0"/>
        <line num="103" type="stmt" count="2"/>
        <line num="105" type="stmt" count="2"/>
        <line num="106" type="stmt" count="2"/>
        <line num="107" type="stmt" count="2"/>
        <line num="108" type="stmt" count="2"/>
        <line num="109" type="stmt" count="2"/>
        <line num="110" type="stmt" count="2"/>
        <line num="111" type="stmt" count="2"/>
        <line num="112" type="stmt" count="2"/>
        <line num="113" type="stmt" count="2"/>
        <line num="114" type="stmt" count="2"/>
        <line num="115" type="stmt" count="2"/>
        <line num="116" type="stmt" count="2"/>
        <line num="117" type="stmt" count="2"/>
        <line num="118" type="stmt" count="2"/>
        <line num="119" type="stmt" count="2"/>
        <line num="120" type="stmt" count="2"/>
        <line num="121" type="stmt" count="2"/>
        <line num="122" type="stmt" count="2"/>
        <line num="123" type="stmt" count="2"/>
        <line num="124" type="stmt" count="2"/>
        <line num="125" type="stmt" count="2"/>
        <line num="126" type="stmt" count="2"/>
        <line num="127" type="stmt" count="2"/>
        <line num="128" type="stmt" count="2"/>
        <line num="129" type="stmt" count="2"/>
        <line num="130" type="stmt" count="2"/>
        <line num="131" type="stmt" count="2"/>
        <line num="132" type="stmt" count="2"/>
        <line num="133" type="stmt" count="2"/>
        <line num="134" type="stmt" count="2"/>
        <line num="135" type="stmt" count="2"/>
        <line num="136" type="stmt" count="2"/>
        <line num="137" type="stmt" count="2"/>
        <line num="138" type="stmt" count="2"/>
        <line num="139" type="stmt" count="2"/>
        <line num="140" type="stmt" count="2"/>
        <line num="141" type="stmt" count="2"/>
        <line num="142" type="stmt" count="2"/>
        <line num="143" type="stmt" count="2"/>
        <line num="144" type="stmt" count="2"/>
        <line num="145" type="stmt" count="2"/>
        <line num="146" type="stmt" count="2"/>
        <line num="147" type="stmt" count="2"/>
        <line num="148" type="stmt" count="2"/>
        <line num="149" type="stmt" count="2"/>
        <line num="151" type="stmt" count="2"/>
        <metrics loc="154" ncloc="151" classes="1" methods="3" coveredmethods="0" conditionals="0" coveredconditionals="0" statements="97" coveredstatements="94" elements="100" coveredelements="94"/>
      </file>
      <file name="/Users/nelson/Projects/Opscale/strict-rules/src/Rules/Smells/NoDummyCatchesRule.php">
        <class name="Opscale\Rules\Smells\NoDummyCatchesRule" namespace="Opscale\Rules\Smells">
          <metrics complexity="13" methods="2" coveredmethods="0" conditionals="0" coveredconditionals="0" statements="54" coveredstatements="33" elements="56" coveredelements="33"/>
        </class>
        <line num="20" type="method" name="validate" visibility="protected" complexity="5" crap="5.01" count="4"/>
        <line num="22" type="stmt" count="4"/>
        <line num="23" type="stmt" count="4"/>
        <line num="24" type="stmt" count="4"/>
        <line num="25" type="stmt" count="4"/>
        <line num="26" type="stmt" count="0"/>
        <line num="29" type="stmt" count="4"/>
        <line num="30" type="stmt" count="4"/>
        <line num="33" type="stmt" count="4"/>
        <line num="34" type="stmt" count="4"/>
        <line num="35" type="stmt" count="4"/>
        <line num="36" type="stmt" count="3"/>
        <line num="37" type="stmt" count="3"/>
        <line num="38" type="stmt" count="2"/>
        <line num="43" type="stmt" count="4"/>
        <line num="49" type="method" name="validateCatchBlock" visibility="private" complexity="8" crap="16.00" count="3"/>
        <line num="51" type="stmt" count="3"/>
        <line num="52" type="stmt" count="3"/>
        <line num="54" type="stmt" count="3"/>
        <line num="55" type="stmt" count="3"/>
        <line num="58" type="stmt" count="3"/>
        <line num="61" type="stmt" count="3"/>
        <line num="62" type="stmt" count="2"/>
        <line num="63" type="stmt" count="2"/>
        <line num="64" type="stmt" count="2"/>
        <line num="65" type="stmt" count="2"/>
        <line num="66" type="stmt" count="2"/>
        <line num="68" type="stmt" count="2"/>
        <line num="69" type="stmt" count="2"/>
        <line num="70" type="stmt" count="2"/>
        <line num="71" type="stmt" count="2"/>
        <line num="75" type="stmt" count="1"/>
        <line num="76" type="stmt" count="0"/>
        <line num="77" type="stmt" count="0"/>
        <line num="78" type="stmt" count="0"/>
        <line num="79" type="stmt" count="0"/>
        <line num="80" type="stmt" count="0"/>
        <line num="81" type="stmt" count="0"/>
        <line num="83" type="stmt" count="0"/>
        <line num="84" type="stmt" count="0"/>
        <line num="85" type="stmt" count="0"/>
        <line num="86" type="stmt" count="0"/>
        <line num="90" type="stmt" count="1"/>
        <line num="91" type="stmt" count="1"/>
        <line num="92" type="stmt" count="1"/>
        <line num="93" type="stmt" count="0"/>
        <line num="94" type="stmt" count="0"/>
        <line num="95" type="stmt" count="0"/>
        <line num="96" type="stmt" count="0"/>
        <line num="97" type="stmt" count="0"/>
        <line num="98" type="stmt" count="0"/>
        <line num="100" type="stmt" count="0"/>
        <line num="101" type="stmt" count="0"/>
        <line num="102" type="stmt" count="0"/>
        <line num="103" type="stmt" count="0"/>
        <line num="106" type="stmt" count="1"/>
        <metrics loc="109" ncloc="99" classes="1" methods="2" coveredmethods="0" conditionals="0" coveredconditionals="0" statements="54" coveredstatements="33" elements="56" coveredelements="33"/>
      </file>
    </package>
    <metrics files="26" loc="3136" ncloc="2677" classes="26" methods="98" coveredmethods="33" conditionals="0" coveredconditionals="0" statements="1299" coveredstatements="1136" elements="1397" coveredelements="1169"/>
  </project>
</coverage>
